[debug] [2020-03-21T18:16:09.138Z] ----------------------------------------------------------------------
[debug] [2020-03-21T18:16:09.141Z] Command:       C:\Program Files\nodejs\node.exe C:\Users\Linfeng's PC\AppData\Roaming\npm\node_modules\firebase-tools\lib\bin\firebase.js deploy --only functions
[debug] [2020-03-21T18:16:09.141Z] CLI Version:   7.15.1
[debug] [2020-03-21T18:16:09.141Z] Platform:      win32
[debug] [2020-03-21T18:16:09.141Z] Node Version:  v12.16.1
[debug] [2020-03-21T18:16:09.142Z] Time:          Sat Mar 21 2020 14:16:09 GMT-0400 (Eastern Daylight Time)
[debug] [2020-03-21T18:16:09.142Z] ----------------------------------------------------------------------
[debug] [2020-03-21T18:16:09.142Z] 
[debug] [2020-03-21T18:16:09.155Z] > command requires scopes: ["email","openid","https://www.googleapis.com/auth/cloudplatformprojects.readonly","https://www.googleapis.com/auth/firebase","https://www.googleapis.com/auth/cloud-platform"]
[debug] [2020-03-21T18:16:09.155Z] > authorizing via signed-in user
[debug] [2020-03-21T18:16:09.156Z] [iam] checking project matrix-63095 for permissions ["cloudfunctions.functions.create","cloudfunctions.functions.delete","cloudfunctions.functions.get","cloudfunctions.functions.list","cloudfunctions.functions.update","cloudfunctions.operations.get","firebase.projects.get"]
[debug] [2020-03-21T18:16:09.158Z] >>> HTTP REQUEST POST https://cloudresourcemanager.googleapis.com/v1/projects/matrix-63095:testIamPermissions  

[debug] [2020-03-21T18:16:09.361Z] <<< HTTP RESPONSE 200
[info] 
[info] === Deploying to 'matrix-63095'...
[info] 
[info] i  deploying functions
[info] Running command: npm --prefix "$RESOURCE_DIR" run lint
[info] +  functions: Finished running predeploy script.
[debug] [2020-03-21T18:16:13.662Z] > [functions] package.json contents: {
  "name": "functions",
  "description": "Cloud Functions for Firebase",
  "scripts": {
    "lint": "eslint .",
    "serve": "firebase emulators:start --only functions",
    "shell": "firebase functions:shell",
    "start": "npm run shell",
    "deploy": "firebase deploy --only functions",
    "logs": "firebase functions:log"
  },
  "engines": {
    "node": "8"
  },
  "dependencies": {
    "firebase-admin": "^8.6.0",
    "firebase-functions": "^3.3.0"
  },
  "devDependencies": {
    "eslint": "^5.12.0",
    "eslint-plugin-promise": "^4.0.1",
    "firebase-functions-test": "^0.1.6"
  },
  "private": true
}
[info] i  functions: ensuring necessary APIs are enabled...
[debug] [2020-03-21T18:16:13.663Z] >>> HTTP REQUEST GET https://serviceusage.googleapis.com/v1/projects/matrix-63095/services/cloudfunctions.googleapis.com  
 
[debug] [2020-03-21T18:16:13.664Z] >>> HTTP REQUEST GET https://serviceusage.googleapis.com/v1/projects/matrix-63095/services/runtimeconfig.googleapis.com  
 
[debug] [2020-03-21T18:16:14.171Z] <<< HTTP RESPONSE 200
[debug] [2020-03-21T18:16:14.224Z] <<< HTTP RESPONSE 200
[info] +  functions: all necessary APIs are enabled
[debug] [2020-03-21T18:16:14.226Z] >>> HTTP REQUEST GET https://firebase.googleapis.com/v1beta1/projects/matrix-63095/adminSdkConfig  
 
[debug] [2020-03-21T18:16:14.491Z] <<< HTTP RESPONSE 200
[info] i  functions: preparing functions directory for uploading...
[debug] [2020-03-21T18:16:14.498Z] >>> HTTP REQUEST GET https://runtimeconfig.googleapis.com/v1beta1/projects/matrix-63095/configs  
 
[debug] [2020-03-21T18:16:14.704Z] <<< HTTP RESPONSE 200
[info] i  functions: packaged functions (39.07 KB) for uploading
[debug] [2020-03-21T18:16:14.872Z] >>> HTTP REQUEST POST https://cloudfunctions.googleapis.com/v1/projects/matrix-63095/locations/us-central1/functions:generateUploadUrl  
 
[debug] [2020-03-21T18:16:22.575Z] <<< HTTP RESPONSE 200
[debug] [2020-03-21T18:16:22.576Z] >>> HTTP REQUEST PUT https://storage.googleapis.com/gcf-upload-us-central1-321215a3-9c84-4822-860c-cb0e75284ef9/0f28b8d0-452d-4ae3-8fa3-7424c3ba40d6.zip?GoogleAccessId=service-313115920339@gcf-admin-robot.iam.gserviceaccount.com&Expires=1584816382&Signature=stDp8xPl6yQI%2F%2BzmduKLH03Z351u1pcJvOkSQyKhf3yKUwavrEj0Wv%2Bxk89NYAPlmh7muq5koVao9QLtXp4nNJh%2FsQ0Di0YQz1Pr10d8cVOX2HknGImHGmFJdT%2FBz%2BUTbR68mizqOmxwpFbrCG%2FxSVIOJF6rL3cuTERROnCkCR1N4rRY5ynnBJa9%2F3NdBGf8fWKbAGen3F%2B7UD57bCgTJDqBQDk9RcfjIgJanz5zHO1uDW9AVFQPvf6fZq%2FPh2ucZpd49vm8pghwV%2F9wOsH3szdfZV96b2nrkj6dRQPL2Rgme6r4GvEwQVFJraABvi%2Fdaa24JaiERRrYfxmEQe196w%3D%3D  
 <request body omitted>
[debug] [2020-03-21T18:16:22.885Z] <<< HTTP RESPONSE 200
[info] +  functions: functions folder uploaded successfully
[debug] [2020-03-21T18:16:22.888Z] >>> HTTP REQUEST GET https://cloudfunctions.googleapis.com/v1/projects/matrix-63095/locations/-/functions  
 
[debug] [2020-03-21T18:16:23.275Z] <<< HTTP RESPONSE 200
[info] i  functions: creating Node.js 8 function helloWorld(us-central1)...
[debug] [2020-03-21T18:16:23.278Z] Trigger is:  {"httpsTrigger":{}}
[debug] [2020-03-21T18:16:23.279Z] >>> HTTP REQUEST GET https://serviceusage.googleapis.com/v1/projects/matrix-63095/services/cloudscheduler.googleapis.com  
 
[debug] [2020-03-21T18:16:23.801Z] <<< HTTP RESPONSE 200
[debug] [2020-03-21T18:16:23.803Z] >>> HTTP REQUEST POST https://cloudfunctions.googleapis.com/v1/projects/matrix-63095/locations/us-central1/functions  

[debug] [2020-03-21T18:16:24.192Z] <<< HTTP RESPONSE 200
[debug] [2020-03-21T18:16:24.193Z] Setting public policy for function helloWorld
[debug] [2020-03-21T18:16:24.193Z] >>> HTTP REQUEST POST https://cloudfunctions.googleapis.com/v1/projects/matrix-63095/locations/us-central1/functions/helloWorld:setIamPolicy  

[debug] [2020-03-21T18:16:24.706Z] <<< HTTP RESPONSE 200
[debug] [2020-03-21T18:16:24.708Z] >>> HTTP REQUEST GET https://cloudfunctions.googleapis.com/v1/projects/matrix-63095/locations/-/functions  
 
[debug] [2020-03-21T18:16:25.064Z] <<< HTTP RESPONSE 200
[debug] [2020-03-21T18:16:25.065Z] >>> HTTP REQUEST GET https://cloudfunctions.googleapis.com/v1/operations/bWF0cml4LTYzMDk1L3VzLWNlbnRyYWwxL2hlbGxvV29ybGQveXdRZkZEMUtkMGM  
 
[debug] [2020-03-21T18:16:25.294Z] <<< HTTP RESPONSE 200
[debug] [2020-03-21T18:16:27.295Z] >>> HTTP REQUEST GET https://cloudfunctions.googleapis.com/v1/operations/bWF0cml4LTYzMDk1L3VzLWNlbnRyYWwxL2hlbGxvV29ybGQveXdRZkZEMUtkMGM  
 
[debug] [2020-03-21T18:16:27.534Z] <<< HTTP RESPONSE 200
[debug] [2020-03-21T18:16:29.534Z] >>> HTTP REQUEST GET https://cloudfunctions.googleapis.com/v1/operations/bWF0cml4LTYzMDk1L3VzLWNlbnRyYWwxL2hlbGxvV29ybGQveXdRZkZEMUtkMGM  
 
[debug] [2020-03-21T18:16:29.785Z] <<< HTTP RESPONSE 200
[debug] [2020-03-21T18:16:31.786Z] >>> HTTP REQUEST GET https://cloudfunctions.googleapis.com/v1/operations/bWF0cml4LTYzMDk1L3VzLWNlbnRyYWwxL2hlbGxvV29ybGQveXdRZkZEMUtkMGM  
 
[debug] [2020-03-21T18:16:32.048Z] <<< HTTP RESPONSE 200
[debug] [2020-03-21T18:16:34.049Z] >>> HTTP REQUEST GET https://cloudfunctions.googleapis.com/v1/operations/bWF0cml4LTYzMDk1L3VzLWNlbnRyYWwxL2hlbGxvV29ybGQveXdRZkZEMUtkMGM  
 
[debug] [2020-03-21T18:16:34.490Z] <<< HTTP RESPONSE 200
[debug] [2020-03-21T18:16:36.491Z] >>> HTTP REQUEST GET https://cloudfunctions.googleapis.com/v1/operations/bWF0cml4LTYzMDk1L3VzLWNlbnRyYWwxL2hlbGxvV29ybGQveXdRZkZEMUtkMGM  
 
[debug] [2020-03-21T18:16:36.874Z] <<< HTTP RESPONSE 200
[debug] [2020-03-21T18:16:38.875Z] >>> HTTP REQUEST GET https://cloudfunctions.googleapis.com/v1/operations/bWF0cml4LTYzMDk1L3VzLWNlbnRyYWwxL2hlbGxvV29ybGQveXdRZkZEMUtkMGM  
 
[debug] [2020-03-21T18:16:39.109Z] <<< HTTP RESPONSE 200
[debug] [2020-03-21T18:16:41.110Z] >>> HTTP REQUEST GET https://cloudfunctions.googleapis.com/v1/operations/bWF0cml4LTYzMDk1L3VzLWNlbnRyYWwxL2hlbGxvV29ybGQveXdRZkZEMUtkMGM  
 
[debug] [2020-03-21T18:16:41.342Z] <<< HTTP RESPONSE 200
[debug] [2020-03-21T18:16:43.342Z] >>> HTTP REQUEST GET https://cloudfunctions.googleapis.com/v1/operations/bWF0cml4LTYzMDk1L3VzLWNlbnRyYWwxL2hlbGxvV29ybGQveXdRZkZEMUtkMGM  
 
[debug] [2020-03-21T18:16:43.624Z] <<< HTTP RESPONSE 200
[debug] [2020-03-21T18:16:45.625Z] >>> HTTP REQUEST GET https://cloudfunctions.googleapis.com/v1/operations/bWF0cml4LTYzMDk1L3VzLWNlbnRyYWwxL2hlbGxvV29ybGQveXdRZkZEMUtkMGM  
 
[debug] [2020-03-21T18:16:45.853Z] <<< HTTP RESPONSE 200
[debug] [2020-03-21T18:16:47.855Z] >>> HTTP REQUEST GET https://cloudfunctions.googleapis.com/v1/operations/bWF0cml4LTYzMDk1L3VzLWNlbnRyYWwxL2hlbGxvV29ybGQveXdRZkZEMUtkMGM  
 
[debug] [2020-03-21T18:16:48.059Z] <<< HTTP RESPONSE 200
[debug] [2020-03-21T18:16:50.060Z] >>> HTTP REQUEST GET https://cloudfunctions.googleapis.com/v1/operations/bWF0cml4LTYzMDk1L3VzLWNlbnRyYWwxL2hlbGxvV29ybGQveXdRZkZEMUtkMGM  
 
[debug] [2020-03-21T18:16:50.271Z] <<< HTTP RESPONSE 200
[debug] [2020-03-21T18:16:52.272Z] >>> HTTP REQUEST GET https://cloudfunctions.googleapis.com/v1/operations/bWF0cml4LTYzMDk1L3VzLWNlbnRyYWwxL2hlbGxvV29ybGQveXdRZkZEMUtkMGM  
 
[debug] [2020-03-21T18:16:52.489Z] <<< HTTP RESPONSE 200
[debug] [2020-03-21T18:16:54.490Z] >>> HTTP REQUEST GET https://cloudfunctions.googleapis.com/v1/operations/bWF0cml4LTYzMDk1L3VzLWNlbnRyYWwxL2hlbGxvV29ybGQveXdRZkZEMUtkMGM  
 
[debug] [2020-03-21T18:16:54.709Z] <<< HTTP RESPONSE 200
[debug] [2020-03-21T18:16:56.709Z] >>> HTTP REQUEST GET https://cloudfunctions.googleapis.com/v1/operations/bWF0cml4LTYzMDk1L3VzLWNlbnRyYWwxL2hlbGxvV29ybGQveXdRZkZEMUtkMGM  
 
[debug] [2020-03-21T18:16:56.928Z] <<< HTTP RESPONSE 200
[debug] [2020-03-21T18:16:58.930Z] >>> HTTP REQUEST GET https://cloudfunctions.googleapis.com/v1/operations/bWF0cml4LTYzMDk1L3VzLWNlbnRyYWwxL2hlbGxvV29ybGQveXdRZkZEMUtkMGM  
 
[debug] [2020-03-21T18:16:59.155Z] <<< HTTP RESPONSE 200
[debug] [2020-03-21T18:17:01.157Z] >>> HTTP REQUEST GET https://cloudfunctions.googleapis.com/v1/operations/bWF0cml4LTYzMDk1L3VzLWNlbnRyYWwxL2hlbGxvV29ybGQveXdRZkZEMUtkMGM  
 
[debug] [2020-03-21T18:17:01.363Z] <<< HTTP RESPONSE 200
[debug] [2020-03-21T18:17:03.364Z] >>> HTTP REQUEST GET https://cloudfunctions.googleapis.com/v1/operations/bWF0cml4LTYzMDk1L3VzLWNlbnRyYWwxL2hlbGxvV29ybGQveXdRZkZEMUtkMGM  
 
[debug] [2020-03-21T18:17:03.596Z] <<< HTTP RESPONSE 200
[debug] [2020-03-21T18:17:05.598Z] >>> HTTP REQUEST GET https://cloudfunctions.googleapis.com/v1/operations/bWF0cml4LTYzMDk1L3VzLWNlbnRyYWwxL2hlbGxvV29ybGQveXdRZkZEMUtkMGM  
 
[debug] [2020-03-21T18:17:05.832Z] <<< HTTP RESPONSE 200
[debug] [2020-03-21T18:17:07.833Z] >>> HTTP REQUEST GET https://cloudfunctions.googleapis.com/v1/operations/bWF0cml4LTYzMDk1L3VzLWNlbnRyYWwxL2hlbGxvV29ybGQveXdRZkZEMUtkMGM  
 
[debug] [2020-03-21T18:17:08.031Z] <<< HTTP RESPONSE 200
[debug] [2020-03-21T18:17:10.034Z] >>> HTTP REQUEST GET https://cloudfunctions.googleapis.com/v1/operations/bWF0cml4LTYzMDk1L3VzLWNlbnRyYWwxL2hlbGxvV29ybGQveXdRZkZEMUtkMGM  
 
[debug] [2020-03-21T18:17:10.248Z] <<< HTTP RESPONSE 200
[debug] [2020-03-21T18:17:12.251Z] >>> HTTP REQUEST GET https://cloudfunctions.googleapis.com/v1/operations/bWF0cml4LTYzMDk1L3VzLWNlbnRyYWwxL2hlbGxvV29ybGQveXdRZkZEMUtkMGM  
 
